06-25-2016 @ 10:35:32 - Queuing 2.4.0 - wc_update_240_options
06-25-2016 @ 10:35:32 - Queuing 2.4.0 - wc_update_240_shipping_methods
06-25-2016 @ 10:35:32 - Queuing 2.4.0 - wc_update_240_api_keys
06-25-2016 @ 10:35:32 - Queuing 2.4.0 - wc_update_240_webhooks
06-25-2016 @ 10:35:32 - Queuing 2.4.0 - wc_update_240_refunds
06-25-2016 @ 10:35:32 - Queuing 2.4.0 - wc_update_240_db_version
06-25-2016 @ 10:35:32 - Queuing 2.4.1 - wc_update_241_variations
06-25-2016 @ 10:35:32 - Queuing 2.4.1 - wc_update_241_db_version
06-25-2016 @ 10:35:32 - Queuing 2.5.0 - wc_update_250_currency
06-25-2016 @ 10:35:32 - Queuing 2.5.0 - wc_update_250_db_version
06-25-2016 @ 10:35:32 - Queuing 2.6.0 - wc_update_260_options
06-25-2016 @ 10:35:32 - Queuing 2.6.0 - wc_update_260_termmeta
06-25-2016 @ 10:35:32 - Queuing 2.6.0 - wc_update_260_zones
06-25-2016 @ 10:35:32 - Queuing 2.6.0 - wc_update_260_zone_methods
06-25-2016 @ 10:35:32 - Queuing 2.6.0 - wc_update_260_refunds
06-25-2016 @ 10:35:32 - Queuing 2.6.0 - wc_update_260_db_version
06-25-2016 @ 10:35:33 - Unable to dispatch WooCommerce updater: Operation timed out after 1000 milliseconds with 0 bytes received
06-25-2016 @ 10:35:33 - Running wc_update_240_options callback
06-25-2016 @ 10:35:33 - Finished wc_update_240_options callback
06-25-2016 @ 10:35:33 - Running wc_update_240_shipping_methods callback
06-25-2016 @ 10:35:33 - Finished wc_update_240_shipping_methods callback
06-25-2016 @ 10:35:33 - Running wc_update_240_api_keys callback
06-25-2016 @ 10:35:33 - Finished wc_update_240_api_keys callback
06-25-2016 @ 10:35:33 - Running wc_update_240_webhooks callback
06-25-2016 @ 10:35:33 - Finished wc_update_240_webhooks callback
06-25-2016 @ 10:35:33 - Running wc_update_240_refunds callback
06-25-2016 @ 10:35:33 - Finished wc_update_240_refunds callback
06-25-2016 @ 10:35:33 - Running wc_update_240_db_version callback
06-25-2016 @ 10:35:33 - Finished wc_update_240_db_version callback
06-25-2016 @ 10:35:33 - Running wc_update_241_variations callback
06-25-2016 @ 10:35:33 - Finished wc_update_241_variations callback
06-25-2016 @ 10:35:33 - Running wc_update_241_db_version callback
06-25-2016 @ 10:35:33 - Finished wc_update_241_db_version callback
06-25-2016 @ 10:35:33 - Running wc_update_250_currency callback
06-25-2016 @ 10:35:33 - Finished wc_update_250_currency callback
06-25-2016 @ 10:35:33 - Running wc_update_250_db_version callback
06-25-2016 @ 10:35:33 - Finished wc_update_250_db_version callback
06-25-2016 @ 10:35:33 - Running wc_update_260_options callback
06-25-2016 @ 10:35:33 - Finished wc_update_260_options callback
06-25-2016 @ 10:35:33 - Running wc_update_260_termmeta callback
06-25-2016 @ 10:35:33 - Finished wc_update_260_termmeta callback
06-25-2016 @ 10:35:33 - Running wc_update_260_zones callback
06-25-2016 @ 10:35:33 - Finished wc_update_260_zones callback
06-25-2016 @ 10:35:33 - Running wc_update_260_zone_methods callback
06-25-2016 @ 10:35:33 - Finished wc_update_260_zone_methods callback
06-25-2016 @ 10:35:34 - Running wc_update_260_refunds callback
06-25-2016 @ 10:35:34 - Finished wc_update_260_refunds callback
06-25-2016 @ 10:35:34 - Running wc_update_260_db_version callback
06-25-2016 @ 10:35:34 - Finished wc_update_260_db_version callback
06-25-2016 @ 10:35:34 - Data update complete
